[14:16:48 711] ======Create SockThd=======
[14:16:48 722] [ReadConnInfo]::讀取資料
[14:16:48 725] 127.0.0.1
[14:16:48 728] 6223
[14:16:48 734] [Fuc_Sock_Create]::SUCC
[14:17:05 857] ======Create SockThd=======
[14:17:05 868] [ReadConnInfo]::讀取資料
[14:17:05 871] 127.0.0.1
[14:17:05 874] 6222
[14:17:05 878] [Fuc_Sock_Create]::SUCC
[14:17:10 183] [TransferSocket]::按下連線按鈕
[14:17:10 189] [Fuc_Sock_Connect]::連線成功
[15:22:24 953] ======Create SockThd=======
[15:22:24 967] [ReadConnInfo]::讀取資料
[15:22:24 970] 127.0.0.1
[15:22:24 972] 6222
[15:22:24 977] [Fuc_Sock_Create]::SUCC
[15:22:28 55] [TransferSocket]::按下連線按鈕
[15:22:28 61] [Fuc_Sock_Connect]::連線成功
[15:29:55 440] ======Create SockThd=======
[15:29:55 450] [ReadConnInfo]::讀取資料
[15:29:55 452] 127.0.0.1
[15:29:55 454] 6222
[15:29:55 460] [Fuc_Sock_Create]::SUCC
[15:29:58 367] [TransferSocket]::按下接收按鈕
[15:29:58 374] [Fuc_Sock_Bind]::SUCC
[15:29:58 377] [Fuc_Sock_Listen]::SUCC
[15:29:58 380] [Fuc_Sock_Accept]::等待連線中
[15:29:59 88] [Fuc_Sock_Accept]::有人連線進來127.0.0.1
