[13:52:33 687] ======Create SockThd=======
[13:52:33 701] [ReadConnInfo]::讀取資料
[13:52:33 704] 127.0.0.1
[13:52:33 706] 6222
[13:52:33 719] [Fuc_Sock_Create]::SUCC
[14:01:32 179] ======Create SockThd=======
[14:01:32 189] [ReadConnInfo]::讀取資料
[14:01:32 192] 127.0.0.1
[14:01:32 195] 6222
[14:01:32 205] [Fuc_Sock_Create]::SUCC
[14:04:49 494] ======Create SockThd=======
[14:04:49 506] [ReadConnInfo]::讀取資料
[14:04:49 508] 127.0.0.1
[14:04:49 511] 6222
[14:04:49 521] [Fuc_Sock_Create]::SUCC
[14:15:34 113] ======Create SockThd=======
[14:15:34 125] [ReadConnInfo]::讀取資料
[14:15:34 127] 127.0.0.1
[14:15:34 130] 6222
[14:15:34 140] [Fuc_Sock_Create]::SUCC
[14:17:09 133] [TransferSocket]::按下接收按鈕
[14:17:09 141] [Fuc_Sock_Bind]::SUCC
[14:17:09 144] [Fuc_Sock_Listen]::SUCC
[14:17:09 147] [Fuc_Sock_Accept]::等待連線中
[14:17:10 189] [Fuc_Sock_Accept]::有人連線進來127.0.0.1
[14:32:05 595] ======Create SockThd=======
[14:32:05 607] [ReadConnInfo]::讀取資料
[14:32:05 610] 127.0.0.1
[14:32:05 613] 6222
[14:32:05 621] [Fuc_Sock_Create]::SUCC
[14:58:44 797] ======Create SockThd=======
[15:03:14 11] [ReadConnInfo]::讀取資料
[15:03:14 17] 127.0.0.1
[15:03:14 21] 6222
[15:03:24 542] [Fuc_Sock_Create]::SUCC
[15:03:29 991] ======Create SockThd=======
[15:05:45 996] [ReadConnInfo]::讀取資料
[15:05:45 999] 127.0.0.1
[15:05:46 1] 6222
[15:09:30 229] ======Create SockThd=======
[15:20:27 233] ======Create SockThd=======
[15:21:04 583] ======Create SockThd=======
[15:21:58 163] [ReadConnInfo]::讀取資料
[15:21:58 165] 127.0.0.1
[15:21:58 167] 6222
[15:22:02 784] [Fuc_Sock_Create]::SUCC
[15:22:13 348] [TransferSocket]::按下接收按鈕
[15:22:13 362] [Fuc_Sock_Bind]::SUCC
[15:22:13 365] [Fuc_Sock_Listen]::SUCC
[15:22:13 368] [Fuc_Sock_Accept]::等待連線中
[15:22:28 61] [Fuc_Sock_Accept]::有人連線進來127.0.0.1
[15:22:56 427] ======Create SockThd=======
[15:23:05 256] [ReadConnInfo]::讀取資料
[15:23:05 259] 127.0.0.1
[15:23:05 261] 6222
[15:23:05 272] [Fuc_Sock_Create]::SUCC
[15:23:20 324] ======Create SockThd=======
[15:23:24 244] [ReadConnInfo]::讀取資料
[15:23:24 246] 127.0.0.1
[15:23:24 249] 6222
[15:23:24 263] [Fuc_Sock_Create]::SUCC
[15:25:04 536] ======Create SockThd=======
[15:25:20 853] [ReadConnInfo]::讀取資料
[15:25:20 856] 127.0.0.1
[15:25:20 858] 6222
[15:26:03 160] ======Create SockThd=======
[15:26:15 786] [ReadConnInfo]::讀取資料
[15:26:15 789] 127.0.0.1
[15:26:15 791] 6222
[15:26:15 805] [Fuc_Sock_Create]::SUCC
[15:29:48 315] ======Create SockThd=======
[15:29:51 873] [ReadConnInfo]::讀取資料
[15:29:51 876] 127.0.0.1
[15:29:51 880] 6222
[15:29:51 894] [Fuc_Sock_Create]::SUCC
[15:29:59 78] [TransferSocket]::按下連線按鈕
[15:29:59 87] [Fuc_Sock_Connect]::連線成功
[15:35:46 842] ======Create SockThd=======
[15:35:50 220] [ReadConnInfo]::讀取資料
[15:35:50 222] 127.0.0.1
[15:35:50 224] 6222
[15:35:50 234] [Fuc_Sock_Create]::SUCC
[15:36:28 855] ======Create SockThd=======
[15:36:45 756] [ReadConnInfo]::讀取資料
[15:36:45 758] 127.0.0.1
[15:36:45 761] 6222
[15:36:45 771] [Fuc_Sock_Create]::SUCC
[15:36:50 498] ======Create SockThd=======
[15:37:02 548] [ReadConnInfo]::讀取資料
[15:37:02 550] 127.0.0.1
[15:37:02 552] 6222
[15:37:11 233] [Fuc_Sock_Create]::SUCC
[15:37:32 998] ======Create SockThd=======
[15:37:52 929] [ReadConnInfo]::讀取資料
[15:37:52 932] 127.0.0.1
[15:37:52 935] 6222
[15:38:08 385] ======Create SockThd=======
[15:44:15 60] ======Create SockThd=======
[15:44:17 614] [ReadConnInfo]::讀取資料
[15:44:17 617] 127.0.0.1
[15:44:17 620] 6222
[15:44:22 690] [Fuc_Sock_Create]::SUCC
[15:44:25 390] [TransferSocket]::按下接收按鈕
[15:44:25 397] [Fuc_Sock_Bind]::SUCC
[15:44:25 400] [Fuc_Sock_Listen]::SUCC
[15:44:25 404] [Fuc_Sock_Accept]::等待連線中
[15:44:26 38] [TransferSocket]::按下連線按鈕
[15:49:23 840] ======Create SockThd=======
[15:51:48 155] ======Create SockThd=======
[15:52:07 243] ======Create SockThd=======
[15:52:27 511] ======Create SockThd=======
[15:53:13 236] ======Create SockThd=======
[16:25:45 608] ======Create SockThd=======
[16:26:26 585] [ReadConnInfo]::讀取資料
[16:26:26 592] 127.0.0.1
[16:26:26 597] 6222
[16:26:36 445] [Fuc_Sock_Create]::SUCC
