e:\gt\vs_socket\transfersocket\debug\transfersocket.pch
e:\gt\vs_socket\transfersocket\debug\vc141.pdb
e:\gt\vs_socket\transfersocket\debug\vc141.idb
e:\gt\vs_socket\transfersocket\debug\stdafx.obj
e:\gt\vs_socket\transfersocket\debug\transfersocket.obj
e:\gt\vs_socket\transfersocket\debug\sthread.obj
e:\gt\vs_socket\transfersocket\debug\ssyncobj.obj
e:\gt\vs_socket\transfersocket\debug\sockthd.obj
e:\gt\vs_socket\debug\transfersocket.ilk
e:\gt\vs_socket\debug\transfersocket.exe
e:\gt\vs_socket\debug\transfersocket.pdb
e:\gt\vs_socket\transfersocket\debug\transfersocket.res
e:\gt\vs_socket\transfersocket\debug\transfersocket.tlog\cl.command.1.tlog
e:\gt\vs_socket\transfersocket\debug\transfersocket.tlog\cl.read.1.tlog
e:\gt\vs_socket\transfersocket\debug\transfersocket.tlog\cl.write.1.tlog
e:\gt\vs_socket\transfersocket\debug\transfersocket.tlog\link.command.1.tlog
e:\gt\vs_socket\transfersocket\debug\transfersocket.tlog\link.read.1.tlog
e:\gt\vs_socket\transfersocket\debug\transfersocket.tlog\link.write.1.tlog
e:\gt\vs_socket\transfersocket\debug\transfersocket.tlog\rc.command.1.tlog
e:\gt\vs_socket\transfersocket\debug\transfersocket.tlog\rc.read.1.tlog
e:\gt\vs_socket\transfersocket\debug\transfersocket.tlog\rc.write.1.tlog
